2001.11.08 09:52 B C:\Documents and Settings\Chad & Kim Wagner\My Documents\My Webs\ChadsHead.com\WeddedBliss\images\bumper sticker.jpg --> pluto.powweb.com /htdocs/WeddedBliss/images bumper sticker.jpg
2001.11.08 09:52 B C:\Documents and Settings\Chad & Kim Wagner\My Documents\My Webs\ChadsHead.com\WeddedBliss\images\Caesars coin.jpg --> pluto.powweb.com /htdocs/WeddedBliss/images Caesars coin.jpg
2001.11.08 09:53 B C:\Documents and Settings\Chad & Kim Wagner\My Documents\My Webs\ChadsHead.com\WeddedBliss\images\Elvis - certificate.jpg --> pluto.powweb.com /htdocs/WeddedBliss/images Elvis - certificate.jpg
2001.11.08 09:53 B C:\Documents and Settings\Chad & Kim Wagner\My Documents\My Webs\ChadsHead.com\WeddedBliss\images\Elvis.jpg --> pluto.powweb.com /htdocs/WeddedBliss/images Elvis.jpg
2001.11.08 09:53 B C:\Documents and Settings\Chad & Kim Wagner\My Documents\My Webs\ChadsHead.com\WeddedBliss\images\GWC - Bon Jovi.jpg --> pluto.powweb.com /htdocs/WeddedBliss/images GWC - Bon Jovi.jpg
2001.11.08 09:53 B C:\Documents and Settings\Chad & Kim Wagner\My Documents\My Webs\ChadsHead.com\WeddedBliss\images\GWC - inside.jpg --> pluto.powweb.com /htdocs/WeddedBliss/images GWC - inside.jpg
2001.11.08 09:53 B C:\Documents and Settings\Chad & Kim Wagner\My Documents\My Webs\ChadsHead.com\WeddedBliss\images\GWC - outside.jpg --> pluto.powweb.com /htdocs/WeddedBliss/images GWC - outside.jpg
2001.11.08 09:53 B C:\Documents and Settings\Chad & Kim Wagner\My Documents\My Webs\ChadsHead.com\WeddedBliss\images\marriage certificate.jpg --> pluto.powweb.com /htdocs/WeddedBliss/images marriage certificate.jpg
2001.11.08 09:53 B C:\Documents and Settings\Chad & Kim Wagner\My Documents\My Webs\ChadsHead.com\WeddedBliss\images\throbbing heart.gif --> pluto.powweb.com /htdocs/WeddedBliss/images throbbing heart.gif
2001.11.08 09:53 B C:\Documents and Settings\Chad & Kim Wagner\My Documents\My Webs\ChadsHead.com\WeddedBliss\images\wedding stuff.jpg --> pluto.powweb.com /htdocs/WeddedBliss/images wedding stuff.jpg
2001.11.08 09:53 B C:\Documents and Settings\Chad & Kim Wagner\My Documents\My Webs\ChadsHead.com\WeddedBliss\images\wedding_001.jpg --> pluto.powweb.com /htdocs/WeddedBliss/images wedding_001.jpg
2001.11.08 09:53 B C:\Documents and Settings\Chad & Kim Wagner\My Documents\My Webs\ChadsHead.com\WeddedBliss\images\wedding_002.jpg --> pluto.powweb.com /htdocs/WeddedBliss/images wedding_002.jpg
2001.11.08 09:53 B C:\Documents and Settings\Chad & Kim Wagner\My Documents\My Webs\ChadsHead.com\WeddedBliss\images\wedding_003.jpg --> pluto.powweb.com /htdocs/WeddedBliss/images wedding_003.jpg
2001.11.08 09:53 B C:\Documents and Settings\Chad & Kim Wagner\My Documents\My Webs\ChadsHead.com\WeddedBliss\images\wedding_004.jpg --> pluto.powweb.com /htdocs/WeddedBliss/images wedding_004.jpg
2001.11.08 09:53 B C:\Documents and Settings\Chad & Kim Wagner\My Documents\My Webs\ChadsHead.com\WeddedBliss\images\wedding_005.jpg --> pluto.powweb.com /htdocs/WeddedBliss/images wedding_005.jpg
2001.11.08 09:53 B C:\Documents and Settings\Chad & Kim Wagner\My Documents\My Webs\ChadsHead.com\WeddedBliss\images\wedding_006.jpg --> pluto.powweb.com /htdocs/WeddedBliss/images wedding_006.jpg
2001.11.08 09:53 B C:\Documents and Settings\Chad & Kim Wagner\My Documents\My Webs\ChadsHead.com\WeddedBliss\images\wedding_007.jpg --> pluto.powweb.com /htdocs/WeddedBliss/images wedding_007.jpg
2001.11.08 09:53 B C:\Documents and Settings\Chad & Kim Wagner\My Documents\My Webs\ChadsHead.com\WeddedBliss\images\wedding_008.jpg --> pluto.powweb.com /htdocs/WeddedBliss/images wedding_008.jpg
2001.11.08 09:53 B C:\Documents and Settings\Chad & Kim Wagner\My Documents\My Webs\ChadsHead.com\WeddedBliss\images\wedding_009.jpg --> pluto.powweb.com /htdocs/WeddedBliss/images wedding_009.jpg
2001.11.08 09:53 B C:\Documents and Settings\Chad & Kim Wagner\My Documents\My Webs\ChadsHead.com\WeddedBliss\images\wedding_010.jpg --> pluto.powweb.com /htdocs/WeddedBliss/images wedding_010.jpg
2001.11.08 09:53 B C:\Documents and Settings\Chad & Kim Wagner\My Documents\My Webs\ChadsHead.com\WeddedBliss\images\yp ad.jpg --> pluto.powweb.com /htdocs/WeddedBliss/images yp ad.jpg
