2001.11.08 09:52 B C:\Documents and Settings\Chad & Kim Wagner\My Documents\My Webs\ChadsHead.com\WeddedBliss\images\_vti_cnf\bumper sticker.jpg --> pluto.powweb.com /htdocs/WeddedBliss/images/_vti_cnf bumper sticker.jpg
2001.11.08 09:52 B C:\Documents and Settings\Chad & Kim Wagner\My Documents\My Webs\ChadsHead.com\WeddedBliss\images\_vti_cnf\Caesars coin.jpg --> pluto.powweb.com /htdocs/WeddedBliss/images/_vti_cnf Caesars coin.jpg
2001.11.08 09:52 B C:\Documents and Settings\Chad & Kim Wagner\My Documents\My Webs\ChadsHead.com\WeddedBliss\images\_vti_cnf\Elvis - certificate.jpg --> pluto.powweb.com /htdocs/WeddedBliss/images/_vti_cnf Elvis - certificate.jpg
2001.11.08 09:52 B C:\Documents and Settings\Chad & Kim Wagner\My Documents\My Webs\ChadsHead.com\WeddedBliss\images\_vti_cnf\Elvis.jpg --> pluto.powweb.com /htdocs/WeddedBliss/images/_vti_cnf Elvis.jpg
2001.11.08 09:52 B C:\Documents and Settings\Chad & Kim Wagner\My Documents\My Webs\ChadsHead.com\WeddedBliss\images\_vti_cnf\GWC - Bon Jovi.jpg --> pluto.powweb.com /htdocs/WeddedBliss/images/_vti_cnf GWC - Bon Jovi.jpg
2001.11.08 09:52 B C:\Documents and Settings\Chad & Kim Wagner\My Documents\My Webs\ChadsHead.com\WeddedBliss\images\_vti_cnf\GWC - inside.jpg --> pluto.powweb.com /htdocs/WeddedBliss/images/_vti_cnf GWC - inside.jpg
2001.11.08 09:52 B C:\Documents and Settings\Chad & Kim Wagner\My Documents\My Webs\ChadsHead.com\WeddedBliss\images\_vti_cnf\GWC - outside.jpg --> pluto.powweb.com /htdocs/WeddedBliss/images/_vti_cnf GWC - outside.jpg
2001.11.08 09:52 B C:\Documents and Settings\Chad & Kim Wagner\My Documents\My Webs\ChadsHead.com\WeddedBliss\images\_vti_cnf\marriage certificate.jpg --> pluto.powweb.com /htdocs/WeddedBliss/images/_vti_cnf marriage certificate.jpg
2001.11.08 09:52 B C:\Documents and Settings\Chad & Kim Wagner\My Documents\My Webs\ChadsHead.com\WeddedBliss\images\_vti_cnf\throbbing heart.gif --> pluto.powweb.com /htdocs/WeddedBliss/images/_vti_cnf throbbing heart.gif
2001.11.08 09:52 B C:\Documents and Settings\Chad & Kim Wagner\My Documents\My Webs\ChadsHead.com\WeddedBliss\images\_vti_cnf\wedding stuff.jpg --> pluto.powweb.com /htdocs/WeddedBliss/images/_vti_cnf wedding stuff.jpg
2001.11.08 09:52 B C:\Documents and Settings\Chad & Kim Wagner\My Documents\My Webs\ChadsHead.com\WeddedBliss\images\_vti_cnf\wedding_001.jpg --> pluto.powweb.com /htdocs/WeddedBliss/images/_vti_cnf wedding_001.jpg
2001.11.08 09:52 B C:\Documents and Settings\Chad & Kim Wagner\My Documents\My Webs\ChadsHead.com\WeddedBliss\images\_vti_cnf\wedding_002.jpg --> pluto.powweb.com /htdocs/WeddedBliss/images/_vti_cnf wedding_002.jpg
2001.11.08 09:52 B C:\Documents and Settings\Chad & Kim Wagner\My Documents\My Webs\ChadsHead.com\WeddedBliss\images\_vti_cnf\wedding_003.jpg --> pluto.powweb.com /htdocs/WeddedBliss/images/_vti_cnf wedding_003.jpg
2001.11.08 09:52 B C:\Documents and Settings\Chad & Kim Wagner\My Documents\My Webs\ChadsHead.com\WeddedBliss\images\_vti_cnf\wedding_004.jpg --> pluto.powweb.com /htdocs/WeddedBliss/images/_vti_cnf wedding_004.jpg
2001.11.08 09:52 B C:\Documents and Settings\Chad & Kim Wagner\My Documents\My Webs\ChadsHead.com\WeddedBliss\images\_vti_cnf\wedding_005.jpg --> pluto.powweb.com /htdocs/WeddedBliss/images/_vti_cnf wedding_005.jpg
2001.11.08 09:52 B C:\Documents and Settings\Chad & Kim Wagner\My Documents\My Webs\ChadsHead.com\WeddedBliss\images\_vti_cnf\wedding_006.jpg --> pluto.powweb.com /htdocs/WeddedBliss/images/_vti_cnf wedding_006.jpg
2001.11.08 09:52 B C:\Documents and Settings\Chad & Kim Wagner\My Documents\My Webs\ChadsHead.com\WeddedBliss\images\_vti_cnf\wedding_007.jpg --> pluto.powweb.com /htdocs/WeddedBliss/images/_vti_cnf wedding_007.jpg
2001.11.08 09:52 B C:\Documents and Settings\Chad & Kim Wagner\My Documents\My Webs\ChadsHead.com\WeddedBliss\images\_vti_cnf\wedding_008.jpg --> pluto.powweb.com /htdocs/WeddedBliss/images/_vti_cnf wedding_008.jpg
2001.11.08 09:52 B C:\Documents and Settings\Chad & Kim Wagner\My Documents\My Webs\ChadsHead.com\WeddedBliss\images\_vti_cnf\wedding_009.jpg --> pluto.powweb.com /htdocs/WeddedBliss/images/_vti_cnf wedding_009.jpg
2001.11.08 09:52 B C:\Documents and Settings\Chad & Kim Wagner\My Documents\My Webs\ChadsHead.com\WeddedBliss\images\_vti_cnf\wedding_010.jpg --> pluto.powweb.com /htdocs/WeddedBliss/images/_vti_cnf wedding_010.jpg
2001.11.08 09:52 B C:\Documents and Settings\Chad & Kim Wagner\My Documents\My Webs\ChadsHead.com\WeddedBliss\images\_vti_cnf\yp ad.jpg --> pluto.powweb.com /htdocs/WeddedBliss/images/_vti_cnf yp ad.jpg
